<?xml version="1.0" encoding="UTF-8"?>
<!-- Generated by org.testng.reporters.JUnitReportReporter -->
<testsuite hostname="INLEN8520079309" failures="0" tests="4" name="testrunner.LandingPage2_TestRunner" time="37.476" errors="0" timestamp="2023-06-08T13:50:19 IST" skipped="0">
  <testcase classname="testrunner.LandingPage2_TestRunner" name="runScenario" time="7.422"/>
  <system-out/>
  <testcase classname="testrunner.LandingPage2_TestRunner" name="runScenario" time="8.727"/>
  <system-out/>
  <testcase classname="testrunner.LandingPage2_TestRunner" name="runScenario" time="14.170"/>
  <system-out/>
  <testcase classname="testrunner.LandingPage2_TestRunner" name="runScenario" time="7.157"/>
  <system-out/>
</testsuite> <!-- testrunner.LandingPage2_TestRunner -->
