<?xml version="1.0" encoding="UTF-8"?>
<!-- Generated by org.testng.reporters.JUnitReportReporter -->
<testsuite hostname="INLEN8520079309" failures="0" tests="4" name="testrunner.LandingPage1_TestRunner" time="37.382" errors="0" timestamp="2023-06-08T17:08:32 IST" skipped="0">
  <testcase classname="testrunner.LandingPage1_TestRunner" name="runScenario" time="10.754"/>
  <system-out/>
  <testcase classname="testrunner.LandingPage1_TestRunner" name="runScenario" time="9.131"/>
  <system-out/>
  <testcase classname="testrunner.LandingPage1_TestRunner" name="runScenario" time="10.305"/>
  <system-out/>
  <testcase classname="testrunner.LandingPage1_TestRunner" name="runScenario" time="7.192"/>
  <system-out/>
</testsuite> <!-- testrunner.LandingPage1_TestRunner -->
