<?xml version="1.0" encoding="UTF-8"?>
<!-- Generated by org.testng.reporters.JUnitReportReporter -->
<testsuite hostname="INLEN8520079309" failures="0" tests="2" name="testrunner.LandingPage_Excel_TestRunner" time="29.072" errors="0" timestamp="2023-06-08T13:49:31 IST" skipped="0">
  <testcase classname="testrunner.LandingPage_Excel_TestRunner" name="runScenario" time="15.641"/>
  <system-out/>
  <testcase classname="testrunner.LandingPage_Excel_TestRunner" name="runScenario" time="13.431"/>
  <system-out/>
</testsuite> <!-- testrunner.LandingPage_Excel_TestRunner -->
