<?xml version="1.0" encoding="UTF-8"?>
<!-- Generated by org.testng.reporters.JUnitReportReporter -->
<testsuite hostname="INLEN8520079309" failures="0" tests="4" name="testrunner.LandingPage1_TestRunner" time="42.050" errors="0" timestamp="2023-06-08T21:57:22 IST" skipped="0">
  <testcase classname="testrunner.LandingPage1_TestRunner" name="runScenario" time="11.123"/>
  <system-out/>
  <testcase classname="testrunner.LandingPage1_TestRunner" name="runScenario" time="10.421"/>
  <system-out/>
  <testcase classname="testrunner.LandingPage1_TestRunner" name="runScenario" time="11.800"/>
  <system-out/>
  <testcase classname="testrunner.LandingPage1_TestRunner" name="runScenario" time="8.706"/>
  <system-out/>
</testsuite> <!-- testrunner.LandingPage1_TestRunner -->
