<?xml version="1.0" encoding="UTF-8"?>
<!-- Generated by org.testng.reporters.JUnitReportReporter -->
<testsuite hostname="INLEN8520079309" failures="0" tests="2" name="testrunner.LandingPage_Excel_TestRunner" time="31.176" errors="0" timestamp="2023-06-08T21:57:22 IST" skipped="0">
  <testcase classname="testrunner.LandingPage_Excel_TestRunner" name="runScenario" time="15.085"/>
  <system-out/>
  <testcase classname="testrunner.LandingPage_Excel_TestRunner" name="runScenario" time="16.091"/>
  <system-out/>
</testsuite> <!-- testrunner.LandingPage_Excel_TestRunner -->
