<?xml version="1.0" encoding="UTF-8"?>
<!-- Generated by org.testng.reporters.JUnitReportReporter -->
<testsuite hostname="INLEN8520079309" failures="0" tests="4" name="testrunner.LandingPage2_TestRunner" time="40.420" errors="0" timestamp="2023-06-08T21:57:22 IST" skipped="0">
  <testcase classname="testrunner.LandingPage2_TestRunner" name="runScenario" time="7.957"/>
  <system-out/>
  <testcase classname="testrunner.LandingPage2_TestRunner" name="runScenario" time="12.894"/>
  <system-out/>
  <testcase classname="testrunner.LandingPage2_TestRunner" name="runScenario" time="8.574"/>
  <system-out/>
  <testcase classname="testrunner.LandingPage2_TestRunner" name="runScenario" time="10.995"/>
  <system-out/>
</testsuite> <!-- testrunner.LandingPage2_TestRunner -->
